0 info it worked if it ends with ok
1 verbose cli [ 'node', '/usr/local/bin/npm', 'install', '-g' ]
2 info using npm@1.4.28
3 info using node@v0.10.33
4 verbose cache add [ '.', null ]
5 verbose cache add name=undefined spec="." args=[".",null]
6 verbose parsed url { protocol: null,
6 verbose parsed url   slashes: null,
6 verbose parsed url   auth: null,
6 verbose parsed url   host: null,
6 verbose parsed url   port: null,
6 verbose parsed url   hostname: null,
6 verbose parsed url   hash: null,
6 verbose parsed url   search: null,
6 verbose parsed url   query: null,
6 verbose parsed url   pathname: '.',
6 verbose parsed url   path: '.',
6 verbose parsed url   href: '.' }
7 silly lockFile 3a52ce78- .
8 verbose lock . /Users/adminuser/.npm/3a52ce78-.lock
9 verbose tar pack [ '/Users/adminuser/.npm/arocho-heroku/0.1.2/package.tgz', '.' ]
10 verbose tarball /Users/adminuser/.npm/arocho-heroku/0.1.2/package.tgz
11 verbose folder .
12 info prepublish arocho-heroku@0.1.2
13 silly lockFile 1f1177db-tar tar://.
14 verbose lock tar://. /Users/adminuser/.npm/1f1177db-tar.lock
15 silly lockFile f236d705--arocho-heroku-0-1-2-package-tgz tar:///Users/adminuser/.npm/arocho-heroku/0.1.2/package.tgz
16 verbose lock tar:///Users/adminuser/.npm/arocho-heroku/0.1.2/package.tgz /Users/adminuser/.npm/f236d705--arocho-heroku-0-1-2-package-tgz.lock
17 silly lockFile 1f1177db-tar tar://.
18 silly lockFile 1f1177db-tar tar://.
19 silly lockFile f236d705--arocho-heroku-0-1-2-package-tgz tar:///Users/adminuser/.npm/arocho-heroku/0.1.2/package.tgz
20 silly lockFile f236d705--arocho-heroku-0-1-2-package-tgz tar:///Users/adminuser/.npm/arocho-heroku/0.1.2/package.tgz
21 silly lockFile 26ce0567--npm-arocho-heroku-0-1-2-package /Users/adminuser/.npm/arocho-heroku/0.1.2/package
22 verbose lock /Users/adminuser/.npm/arocho-heroku/0.1.2/package /Users/adminuser/.npm/26ce0567--npm-arocho-heroku-0-1-2-package.lock
23 silly lockFile 26ce0567--npm-arocho-heroku-0-1-2-package /Users/adminuser/.npm/arocho-heroku/0.1.2/package
24 silly lockFile 26ce0567--npm-arocho-heroku-0-1-2-package /Users/adminuser/.npm/arocho-heroku/0.1.2/package
25 silly lockFile 3a52ce78- .
26 silly lockFile 3a52ce78- .
27 silly resolved [ { name: 'arocho-heroku',
27 silly resolved     version: '0.1.2',
27 silly resolved     description: 'Computer / Data Scientist <3',
27 silly resolved     main: 'index.js',
27 silly resolved     scripts: { start: 'node index.js' },
27 silly resolved     dependencies:
27 silly resolved      { express: '~4.9.x',
27 silly resolved        'cool-ascii-faces': '~1.3.x',
27 silly resolved        'node-linkedin': '~0.3.x' },
27 silly resolved     engines: { node: '0.10.x' },
27 silly resolved     repository: { type: 'git', url: 'https://github.com/arocho/arocho-heroku' },
27 silly resolved     keywords: [ 'node', 'heroku', 'express' ],
27 silly resolved     gitHead: '3c9f7c9c7a17b66669ae7d803170e7647eae46bc',
27 silly resolved     bugs: { url: 'https://github.com/arocho/arocho-heroku/issues' },
27 silly resolved     readme: 'ERROR: No README data found!',
27 silly resolved     homepage: 'https://github.com/arocho/arocho-heroku',
27 silly resolved     _id: 'arocho-heroku@0.1.2',
27 silly resolved     _shasum: 'ad0b5d80261382216531d601d17d2d6e56e67590',
27 silly resolved     _from: '.' } ]
28 info install arocho-heroku@0.1.2 into /usr/local/lib
29 info installOne arocho-heroku@0.1.2
30 verbose lib/node_modules/arocho-heroku unbuild
31 verbose tar unpack /Users/adminuser/.npm/arocho-heroku/0.1.2/package.tgz
32 silly lockFile 754042d3-l-lib-node-modules-arocho-heroku tar:///usr/local/lib/node_modules/arocho-heroku
33 verbose lock tar:///usr/local/lib/node_modules/arocho-heroku /Users/adminuser/.npm/754042d3-l-lib-node-modules-arocho-heroku.lock
34 silly lockFile f236d705--arocho-heroku-0-1-2-package-tgz tar:///Users/adminuser/.npm/arocho-heroku/0.1.2/package.tgz
35 verbose lock tar:///Users/adminuser/.npm/arocho-heroku/0.1.2/package.tgz /Users/adminuser/.npm/f236d705--arocho-heroku-0-1-2-package-tgz.lock
36 silly gunzTarPerm modes [ '755', '644' ]
37 error Error: EACCES, mkdir '/usr/local/lib/node_modules/arocho-heroku'
37 error  { [Error: EACCES, mkdir '/usr/local/lib/node_modules/arocho-heroku']
37 error   errno: 3,
37 error   code: 'EACCES',
37 error   path: '/usr/local/lib/node_modules/arocho-heroku',
37 error   fstream_type: 'Directory',
37 error   fstream_path: '/usr/local/lib/node_modules/arocho-heroku',
37 error   fstream_class: 'DirWriter',
37 error   fstream_stack:
37 error    [ '/usr/local/lib/node_modules/npm/node_modules/fstream/lib/dir-writer.js:36:23',
37 error      '/usr/local/lib/node_modules/npm/node_modules/mkdirp/index.js:46:53',
37 error      'Object.oncomplete (fs.js:107:15)' ] }
38 error Please try running this command again as root/Administrator.
39 error System Darwin 13.3.0
40 error command "node" "/usr/local/bin/npm" "install" "-g"
41 error cwd /Users/adminuser/arocho-heroku
42 error node -v v0.10.33
43 error npm -v 1.4.28
44 error path /usr/local/lib/node_modules/arocho-heroku
45 error fstream_path /usr/local/lib/node_modules/arocho-heroku
46 error fstream_type Directory
47 error fstream_class DirWriter
48 error code EACCES
49 error errno 3
50 error stack Error: EACCES, mkdir '/usr/local/lib/node_modules/arocho-heroku'
51 error fstream_stack /usr/local/lib/node_modules/npm/node_modules/fstream/lib/dir-writer.js:36:23
51 error fstream_stack /usr/local/lib/node_modules/npm/node_modules/mkdirp/index.js:46:53
51 error fstream_stack Object.oncomplete (fs.js:107:15)
52 verbose exit [ 3, true ]
